<?xml version="1.0" encoding="UTF-8"?>
<!-- Generated by org.testng.reporters.JUnitReportReporter -->
<testsuite hostname="ISOFT-PC155" name="ISOFT.APITesting.TCs.CorrelationTCs_ValuesValidation" tests="7" failures="0" timestamp="22 Jan 2020 10:09:33 GMT" time="3.059" errors="1">
  <testcase name="test_steps" time="0.387" classname="ISOFT.APITesting.TCs.CorrelationTCs_ValuesValidation"/>
  <testcase name="test_steps" time="0.390" classname="ISOFT.APITesting.TCs.CorrelationTCs_ValuesValidation"/>
  <testcase name="test_steps" time="1.490" classname="ISOFT.APITesting.TCs.CorrelationTCs_ValuesValidation"/>
  <testcase name="test_steps" time="0.232" classname="ISOFT.APITesting.TCs.CorrelationTCs_ValuesValidation"/>
  <testcase name="test_steps" time="0.126" classname="ISOFT.APITesting.TCs.CorrelationTCs_ValuesValidation">
    <error type="java.lang.AssertionError" message="[Step 5]

************************************************************************************
URL: 
 &lt;https://qadls:7779/dlsgw/api/trn/customer-profile-summary/load-profile/traffic-code-number&gt;
************************************************************************************
Request type: 
 &lt;POST&gt;
************************************************************************************
Headers: 
 &lt;Authorization&gt; : &lt;Bearer eyJhbGciOiJIUzUxMiJ9.eyJzdWIiOiJhbm9ueW1vdXNfdXNlciIsImF1dGgiOiJST0xFX0FOT05ZTU9VUyIsImNoYW5uZWxDb2RlIjoiRExTX1BPUlRBTCIsInVzZXJUeXBlIjoiQU5PTllNT1VTIiwiZW5nbGlzaFVzZXJUeXBlRGVzYyI6IkFub255bW91cyAiLCJhcmFiaWNVc2VyVHlwZURlc2MiOiLYutmK2LEg2YXYqti52KfYsdmBINi52YTZitmHIiwidXNlcklkIjoxLCJlbmdsaXNoQ3VzdG9tZXJOYW1lIjoiUGVyc29uYWwgRGF0YSBmb3IgdGVzdGluZyBwdXJwb3NlczEiLCJhcmFiaWNDdXN0b21lck5hbWUiOiLYqNmK2KfZhtin2Kog2LTYrti12YrZhyDZhNmE2KfYrtiq2KjYp9ixINmB2YLYtzEiLCJleHAiOjE1Nzk3NzQwMjR9.mujkBpW4Ld77uTPHYSt0CPQFTM7TjQsPY6sr36wfNar3_mwI0L_qRH6lmeld2W14IUmz3kFgWyWSbYSsHXP_BQ&gt;
 &lt;Content-Type&gt; : &lt;application/json&gt;
************************************************************************************
Request body: 
 &lt;{
	
	&quot;applicationTypeRef&quot;: 1,
    &quot;trafficCodeNo&quot;:  12050ks5a,
    &quot;mobileNo&quot;: &quot;971502633426&quot;
    
}&gt;
************************************************************************************
Expected status code: 
400
************************************************************************************
Json paths to check: 
 &lt;messageEn&gt; : &lt;string&gt; : &lt;Apologies, please enter the traffic Number in number format&gt;
 &lt;messageAr&gt; : &lt;string&gt; : &lt;NULL&gt;
************************************************************************************
The returned  response:

Headers:
Date=Wed, 22 Jan 2020 10:07:06 GMT
X-Content-Type-Options=nosniff
X-XSS-Protection=1; mode=block
Cache-Control=no-cache, no-store, max-age=0, must-revalidate
Pragma=no-cache
Expires=0
X-ORACLE-DMS-ECID=005bBUjnkT36yGbLxI^AyW0008l_00081^
X-ORACLE-DMS-RID=0:1
X-Frame-Options=SAMEORIGIN
X-XSS-Protection=1; mode=block
X-Content-Type-Options=nosniff
Strict-Transport-Security=max-age=31536000 ; includeSubDomains
Connection=close
Transfer-Encoding=chunked
Content-Type=application/problem+json

Cookies:
{}

Body:
{
    &quot;status&quot;: 400,
    &quot;detail&quot;: &quot;JSON parse error: Unexpected character (&#039;k&#039; (code 107)): was expecting comma to separate Object entries; nested exception is com.fasterxml.jackson.core.JsonParseException: Unexpected character (&#039;k&#039; (code 107)): was expecting comma to separate Object entries\n at [Source: (PushbackInputStream); line: 4, column: 29]&quot;,
    &quot;errorCategory&quot;: &quot;103&quot;,
    &quot;path&quot;: &quot;/dlsgw/api/trn/customer-profile-summary/load-profile/traffic-code-number&quot;
}
messageEn: is NULL
 expected object to not be null">
        <![CDATA[java.lang.AssertionError: [Step 5]

************************************************************************************
URL: 
 <https://qadls:7779/dlsgw/api/trn/customer-profile-summary/load-profile/traffic-code-number>
************************************************************************************
Request type: 
 <POST>
************************************************************************************
Headers: 
 <Authorization> : <Bearer eyJhbGciOiJIUzUxMiJ9.eyJzdWIiOiJhbm9ueW1vdXNfdXNlciIsImF1dGgiOiJST0xFX0FOT05ZTU9VUyIsImNoYW5uZWxDb2RlIjoiRExTX1BPUlRBTCIsInVzZXJUeXBlIjoiQU5PTllNT1VTIiwiZW5nbGlzaFVzZXJUeXBlRGVzYyI6IkFub255bW91cyAiLCJhcmFiaWNVc2VyVHlwZURlc2MiOiLYutmK2LEg2YXYqti52KfYsdmBINi52YTZitmHIiwidXNlcklkIjoxLCJlbmdsaXNoQ3VzdG9tZXJOYW1lIjoiUGVyc29uYWwgRGF0YSBmb3IgdGVzdGluZyBwdXJwb3NlczEiLCJhcmFiaWNDdXN0b21lck5hbWUiOiLYqNmK2KfZhtin2Kog2LTYrti12YrZhyDZhNmE2KfYrtiq2KjYp9ixINmB2YLYtzEiLCJleHAiOjE1Nzk3NzQwMjR9.mujkBpW4Ld77uTPHYSt0CPQFTM7TjQsPY6sr36wfNar3_mwI0L_qRH6lmeld2W14IUmz3kFgWyWSbYSsHXP_BQ>
 <Content-Type> : <application/json>
************************************************************************************
Request body: 
 <{
	
	"applicationTypeRef": 1,
    "trafficCodeNo":  12050ks5a,
    "mobileNo": "971502633426"
    
}>
************************************************************************************
Expected status code: 
400
************************************************************************************
Json paths to check: 
 <messageEn> : <string> : <Apologies, please enter the traffic Number in number format>
 <messageAr> : <string> : <NULL>
************************************************************************************
The returned  response:

Headers:
Date=Wed, 22 Jan 2020 10:07:06 GMT
X-Content-Type-Options=nosniff
X-XSS-Protection=1; mode=block
Cache-Control=no-cache, no-store, max-age=0, must-revalidate
Pragma=no-cache
Expires=0
X-ORACLE-DMS-ECID=005bBUjnkT36yGbLxI^AyW0008l_00081^
X-ORACLE-DMS-RID=0:1
X-Frame-Options=SAMEORIGIN
X-XSS-Protection=1; mode=block
X-Content-Type-Options=nosniff
Strict-Transport-Security=max-age=31536000 ; includeSubDomains
Connection=close
Transfer-Encoding=chunked
Content-Type=application/problem+json

Cookies:
{}

Body:
{
    "status": 400,
    "detail": "JSON parse error: Unexpected character ('k' (code 107)): was expecting comma to separate Object entries; nested exception is com.fasterxml.jackson.core.JsonParseException: Unexpected character ('k' (code 107)): was expecting comma to separate Object entries\n at [Source: (PushbackInputStream); line: 4, column: 29]",
    "errorCategory": "103",
    "path": "/dlsgw/api/trn/customer-profile-summary/load-profile/traffic-code-number"
}
messageEn: is NULL
 expected object to not be null
	at org.testng.Assert.fail(Assert.java:94)
	at org.testng.Assert.assertNotNull(Assert.java:404)
	at ISOFT.APITesting.TCs.CorrelationTCs_ValuesValidation.test_steps(CorrelationTCs_ValuesValidation.java:191)
	at sun.reflect.NativeMethodAccessorImpl.invoke0(Native Method)
	at sun.reflect.NativeMethodAccessorImpl.invoke(NativeMethodAccessorImpl.java:62)
	at sun.reflect.DelegatingMethodAccessorImpl.invoke(DelegatingMethodAccessorImpl.java:43)
	at java.lang.reflect.Method.invoke(Method.java:498)
	at org.testng.internal.MethodInvocationHelper.invokeMethod(MethodInvocationHelper.java:80)
	at org.testng.internal.Invoker.invokeMethod(Invoker.java:714)
	at org.testng.internal.Invoker.invokeTestMethod(Invoker.java:901)
	at org.testng.internal.Invoker.invokeTestMethods(Invoker.java:1231)
	at org.testng.internal.TestMethodWorker.invokeTestMethods(TestMethodWorker.java:127)
	at org.testng.internal.TestMethodWorker.run(TestMethodWorker.java:111)
	at java.util.concurrent.ThreadPoolExecutor.runWorker(ThreadPoolExecutor.java:1149)
	at java.util.concurrent.ThreadPoolExecutor$Worker.run(ThreadPoolExecutor.java:624)
	at java.lang.Thread.run(Thread.java:748)
]]>
    </error>
  </testcase> <!-- test_steps -->
  <testcase name="test_steps" time="0.199" classname="ISOFT.APITesting.TCs.CorrelationTCs_ValuesValidation"/>
  <testcase name="test_steps" time="0.235" classname="ISOFT.APITesting.TCs.CorrelationTCs_ValuesValidation"/>
</testsuite> <!-- CorrelationTCs_ValuesValidation -->
